<?xml version="1.0" encoding="UTF-8"?>
<!-- Generated by org.testng.reporters.JUnitReportReporter -->
<testsuite skipped="0" hostname="kushan" name="TestBankPkg.BankAppTest" tests="1" failures="0" timestamp="03 Jan 2019 15:48:53 GMT" time="39.310" errors="0">
  <testcase name="testBankLoginMakePayment" time="39.310" classname="TestBankPkg.BankAppTest"/>
</testsuite> <!-- TestBankPkg.BankAppTest -->
