<?xml version="1.0" encoding="UTF-8"?>
<!-- Generated by org.testng.reporters.JUnitReportReporter -->
<testsuite skipped="0" hostname="kushan" name="Test.LoginTest" tests="1" failures="0" timestamp="03 Jan 2019 00:20:23 GMT" time="89.223" errors="0">
  <testcase name="testLogin" time="89.223" classname="Test.LoginTest"/>
</testsuite> <!-- Test.LoginTest -->
