<?xml version="1.0" encoding="UTF-8"?>
<!-- Generated by org.testng.reporters.JUnitReportReporter -->
<testsuite skipped="0" hostname="kushan" name="Test.test_get" tests="3" failures="0" timestamp="03 Jan 2019 00:16:22 GMT" time="22.343" errors="0">
  <testcase name="get_test_req_pune" time="0.681" classname="Test.test_get"/>
  <testcase name="get_test_req_chennai" time="20.593" classname="Test.test_get"/>
  <testcase name="get_test_req_mumbai" time="1.069" classname="Test.test_get"/>
</testsuite> <!-- Test.test_get -->
