<?xml version="1.0" encoding="UTF-8"?>
<!-- Generated by org.testng.reporters.JUnitReportReporter -->
<testsuite skipped="0" hostname="kushan" name="Test.BarcodeVerification" tests="1" failures="0" timestamp="25 Dec 2018 05:15:17 GMT" time="9.464" errors="0">
  <testcase name="verifyBarCode" time="9.464" classname="Test.BarcodeVerification"/>
</testsuite> <!-- Test.BarcodeVerification -->
